<?xml version="1.0" encoding="UTF-8"?><testsuite errors="1" failures="0" name="Simulación de Préstamo de Libre Inversión" skipped="2" tests="3" time="15.36" timestamp="2023-05-22 11:28:40"><testcase name="Buscar la pagina oficial de Bancolombia Personas en google"><skipped/></testcase><testcase name="Buscar la seccion de financia lo que sueñas, quieres y necesitas. en la pagina de Bancolombia"><error message="disconnected: unable to send message to renderer&#10;  (failed to check if window was closed: disconnected: not connected to DevTools)&#10;  (Session info: chrome=113.0.5672.127)&#10;Build info: version: '3.14.0', revision: 'aacccce0', time: '2018-08-02T20:19:58.91Z'&#10;System info: host: 'DESKTOP-3E08M1B', ip: '169.254.73.168', os.name: 'Windows 10', os.arch: 'amd64', os.version: '10.0', java.version: '1.8.0_251'&#10;Driver info: org.openqa.selenium.remote.RemoteWebDriver&#10;Capabilities {acceptInsecureCerts: false, browserName: chrome, browserVersion: 113.0.5672.127, chrome: {chromedriverVersion: 113.0.5672.63 (0e1a4471d5ae..., userDataDir: C:\Users\juand\AppData\Loca...}, goog:chromeOptions: {debuggerAddress: localhost:64270}, javascriptEnabled: true, networkConnectionEnabled: false, pageLoadStrategy: normal, platform: WINDOWS, platformName: WINDOWS, proxy: Proxy(), setWindowRect: true, strictFileInteractability: false, timeouts: {implicit: 0, pageLoad: 300000, script: 30000}, unhandledPromptBehavior: dismiss and notify, webauthn:extension:credBlob: true, webauthn:extension:largeBlob: true, webauthn:extension:minPinLength: true, webauthn:extension:prf: true, webauthn:virtualAuthenticators: true}&#10;Session ID: b2ee2013fa2e2eeccc1e0bc83d7ec253&#10;*** Element info: {Using=xpath, value=//*[@id='layoutContainers']/div/div[2]/div/div[4]/section/div[2]/footer/div/div[1]/div/div[3]/p[3]}" type="java.lang.AssertionError">disconnected: unable to send message to renderer
  (failed to check if window was closed: disconnected: not connected to DevTools)
  (Session info: chrome=113.0.5672.127)
Build info: version: '3.14.0', revision: 'aacccce0', time: '2018-08-02T20:19:58.91Z'
System info: host: 'DESKTOP-3E08M1B', ip: '169.254.73.168', os.name: 'Windows 10', os.arch: 'amd64', os.version: '10.0', java.version: '1.8.0_251'
Driver info: org.openqa.selenium.remote.RemoteWebDriver
Capabilities {acceptInsecureCerts: false, browserName: chrome, browserVersion: 113.0.5672.127, chrome: {chromedriverVersion: 113.0.5672.63 (0e1a4471d5ae..., userDataDir: C:\Users\juand\AppData\Loca...}, goog:chromeOptions: {debuggerAddress: localhost:64270}, javascriptEnabled: true, networkConnectionEnabled: false, pageLoadStrategy: normal, platform: WINDOWS, platformName: WINDOWS, proxy: Proxy(), setWindowRect: true, strictFileInteractability: false, timeouts: {implicit: 0, pageLoad: 300000, script: 30000}, unhandledPromptBehavior: dismiss and notify, webauthn:extension:credBlob: true, webauthn:extension:largeBlob: true, webauthn:extension:minPinLength: true, webauthn:extension:prf: true, webauthn:virtualAuthenticators: true}
Session ID: b2ee2013fa2e2eeccc1e0bc83d7ec253
*** Element info: {Using=xpath, value=//*[@id='layoutContainers']/div/div[2]/div/div[4]/section/div[2]/footer/div/div[1]/div/div[3]/p[3]}</error><system-err>disconnected: unable to send message to renderer
  (failed to check if window was closed: disconnected: not connected to DevTools)
  (Session info: chrome=113.0.5672.127)
Build info: version: '3.14.0', revision: 'aacccce0', time: '2018-08-02T20:19:58.91Z'
System info: host: 'DESKTOP-3E08M1B', ip: '169.254.73.168', os.name: 'Windows 10', os.arch: 'amd64', os.version: '10.0', java.version: '1.8.0_251'
Driver info: org.openqa.selenium.remote.RemoteWebDriver
Capabilities {acceptInsecureCerts: false, browserName: chrome, browserVersion: 113.0.5672.127, chrome: {chromedriverVersion: 113.0.5672.63 (0e1a4471d5ae..., userDataDir: C:\Users\juand\AppData\Loca...}, goog:chromeOptions: {debuggerAddress: localhost:64270}, javascriptEnabled: true, networkConnectionEnabled: false, pageLoadStrategy: normal, platform: WINDOWS, platformName: WINDOWS, proxy: Proxy(), setWindowRect: true, strictFileInteractability: false, timeouts: {implicit: 0, pageLoad: 300000, script: 30000}, unhandledPromptBehavior: dismiss and notify, webauthn:extension:credBlob: true, webauthn:extension:largeBlob: true, webauthn:extension:minPinLength: true, webauthn:extension:prf: true, webauthn:virtualAuthenticators: true}
Session ID: b2ee2013fa2e2eeccc1e0bc83d7ec253
*** Element info: {Using=xpath, value=//*[@id='layoutContainers']/div/div[2]/div/div[4]/section/div[2]/footer/div/div[1]/div/div[3]/p[3]}&#13;
co.edu.udea.certificacion.calidad.stepdefinitions.FindHomePageStepDefinitions.puedoVerPaginaCreditos(FindHomePageStepDefinitions.java:61)&#13;
✽.puedo ver la página de Creditos de Consumo(src/test/resources/features/find_udea_homepage.feature:17)&#13;
</system-err></testcase><testcase name="Buscar la seccion de credito de libre inversion Bancolombia"><skipped/></testcase></testsuite>