<?xml version="1.0" encoding="UTF-8"?><testsuite errors="0" failures="1" name="Simulación de Préstamo de Libre Inversión" skipped="1" tests="3" time="15.5" timestamp="2023-05-23 09:10:19"><testcase name="Buscar la pagina oficial de Bancolombia Personas en google"><skipped/></testcase><testcase name="Buscar la seccion de financia lo que sueñas, quieres y necesitas. en la pagina de Bancolombia"/><testcase name="Buscar la seccion de credito de libre inversion Bancolombia"><failure message="Expected enabled element was not enabled" type="net.thucydides.core.webdriver.exceptions.ElementShouldBeEnabledException">Expected enabled element was not enabled</failure><system-err>Expected enabled element was not enabled&#13;
com.calidad.calidadautomation.interactions.CreditsPage.performAs(CreditsPage.java:24)&#13;
com.calidad.calidadautomation.tasks.NavigateCreditsPage.performAs(NavigateCreditsPage.java:12)&#13;
co.edu.udea.certificacion.calidad.stepdefinitions.FindHomePageStepDefinitions.clickSimularLibreInversion(FindHomePageStepDefinitions.java:74)&#13;
cucumber.runner.Runner.runPickle(Runner.java:80)&#13;
worker.org.gradle.process.internal.worker.GradleWorkerMain.run(GradleWorkerMain.java:69)&#13;
worker.org.gradle.process.internal.worker.GradleWorkerMain.main(GradleWorkerMain.java:74)&#13;
</system-err></testcase></testsuite>